<?xml version="1.0" encoding="UTF-8"?>
<testng-results ignored="0" total="7" passed="7" failed="0" skipped="0">
  <reporter-output>
  </reporter-output>
  <suite started-at="2025-08-01T11:25:19 IST" name="Suite" finished-at="2025-08-01T11:25:57 IST" duration-ms="38503">
    <groups>
      <group name="SmokeTest">
        <method signature="CreateCampaignTest.createCampaignTest()[pri:0, instance:Campaign.CreateCampaignTest@63070bab]" name="createCampaignTest" class="Campaign.CreateCampaignTest"/>
        <method signature="CreateCampaignWithProductTest.createCampaignTest()[pri:0, instance:Campaign.CreateCampaignWithProductTest@77f80c04]" name="createCampaignTest" class="Campaign.CreateCampaignWithProductTest"/>
        <method signature="CreateOrganizationTest.createOrganizationTest()[pri:0, instance:Organization.CreateOrganizationTest@76f2bbc1]" name="createOrganizationTest" class="Organization.CreateOrganizationTest"/>
      </group> <!-- SmokeTest -->
      <group name="RegressionTest">
        <method signature="CreateContactWithOrganizationTest.createContactWithOrganizationTest()[pri:0, instance:Contact.CreateContactWithOrganizationTest@46fa7c39]" name="createContactWithOrganizationTest" class="Contact.CreateContactWithOrganizationTest"/>
        <method signature="CreateOrganizationTest.createOrganizationTest()[pri:0, instance:Organization.CreateOrganizationTest@76f2bbc1]" name="createOrganizationTest" class="Organization.CreateOrganizationTest"/>
      </group> <!-- RegressionTest -->
    </groups>
    <test started-at="2025-08-01T11:25:19 IST" name="TestRunner4" finished-at="2025-08-01T11:25:36 IST" duration-ms="17646">
      <class name="Organization.CreateOrganizationTest">
        <test-method is-config="true" signature="BS()[pri:0, instance:Organization.CreateOrganizationTest@76f2bbc1]" started-at="2025-08-01T11:25:19 IST" name="BS" finished-at="2025-08-01T11:25:19 IST" duration-ms="10" status="PASS">
          <reporter-output>
          </reporter-output>
        </test-method> <!-- BS -->
        <test-method is-config="true" signature="BT()[pri:0, instance:Organization.CreateOrganizationTest@76f2bbc1]" started-at="2025-08-01T11:25:19 IST" name="BT" finished-at="2025-08-01T11:25:19 IST" duration-ms="1" status="PASS">
          <reporter-output>
          </reporter-output>
        </test-method> <!-- BT -->
        <test-method is-config="true" signature="BC()[pri:0, instance:Organization.CreateOrganizationTest@76f2bbc1]" started-at="2025-08-01T11:25:19 IST" name="BC" finished-at="2025-08-01T11:25:21 IST" duration-ms="2148" status="PASS">
          <reporter-output>
          </reporter-output>
        </test-method> <!-- BC -->
        <test-method is-config="true" signature="BM()[pri:0, instance:Organization.CreateOrganizationTest@76f2bbc1]" started-at="2025-08-01T11:25:21 IST" name="BM" finished-at="2025-08-01T11:25:25 IST" duration-ms="3354" status="PASS">
          <reporter-output>
          </reporter-output>
        </test-method> <!-- BM -->
        <test-method signature="createOrganizationTest()[pri:0, instance:Organization.CreateOrganizationTest@76f2bbc1]" started-at="2025-08-01T11:25:25 IST" name="createOrganizationTest" finished-at="2025-08-01T11:25:35 IST" duration-ms="10452" status="PASS">
          <reporter-output>
          </reporter-output>
        </test-method> <!-- createOrganizationTest -->
        <test-method is-config="true" signature="AM()[pri:0, instance:Organization.CreateOrganizationTest@76f2bbc1]" started-at="2025-08-01T11:25:35 IST" name="AM" finished-at="2025-08-01T11:25:36 IST" duration-ms="1170" status="PASS">
          <reporter-output>
          </reporter-output>
        </test-method> <!-- AM -->
        <test-method is-config="true" signature="AC()[pri:0, instance:Organization.CreateOrganizationTest@76f2bbc1]" started-at="2025-08-01T11:25:36 IST" name="AC" finished-at="2025-08-01T11:25:36 IST" duration-ms="158" status="PASS">
          <reporter-output>
          </reporter-output>
        </test-method> <!-- AC -->
        <test-method is-config="true" signature="AT()[pri:0, instance:Organization.CreateOrganizationTest@76f2bbc1]" started-at="2025-08-01T11:25:36 IST" name="AT" finished-at="2025-08-01T11:25:36 IST" duration-ms="1" status="PASS">
          <reporter-output>
          </reporter-output>
        </test-method> <!-- AT -->
        <test-method is-config="true" signature="AS()[pri:0, instance:Organization.CreateOrganizationTest@76f2bbc1]" started-at="2025-08-01T11:25:57 IST" name="AS" finished-at="2025-08-01T11:25:57 IST" duration-ms="0" status="PASS">
          <reporter-output>
          </reporter-output>
        </test-method> <!-- AS -->
      </class> <!-- Organization.CreateOrganizationTest -->
    </test> <!-- TestRunner4 -->
    <test started-at="2025-08-01T11:25:19 IST" name="TestRunner3" finished-at="2025-08-01T11:25:54 IST" duration-ms="34857">
      <class name="Contact.CreateContactWithOrganizationTest">
        <test-method is-config="true" signature="BT()[pri:0, instance:Contact.CreateContactWithOrganizationTest@46fa7c39]" started-at="2025-08-01T11:25:19 IST" name="BT" finished-at="2025-08-01T11:25:19 IST" duration-ms="1" status="PASS">
          <reporter-output>
          </reporter-output>
        </test-method> <!-- BT -->
        <test-method is-config="true" signature="BC()[pri:0, instance:Contact.CreateContactWithOrganizationTest@46fa7c39]" started-at="2025-08-01T11:25:19 IST" name="BC" finished-at="2025-08-01T11:25:21 IST" duration-ms="2231" status="PASS">
          <reporter-output>
          </reporter-output>
        </test-method> <!-- BC -->
        <test-method is-config="true" signature="BM()[pri:0, instance:Contact.CreateContactWithOrganizationTest@46fa7c39]" started-at="2025-08-01T11:25:21 IST" name="BM" finished-at="2025-08-01T11:25:25 IST" duration-ms="3550" status="PASS">
          <reporter-output>
          </reporter-output>
        </test-method> <!-- BM -->
        <test-method signature="createContactWithOrganizationTest()[pri:0, instance:Contact.CreateContactWithOrganizationTest@46fa7c39]" started-at="2025-08-01T11:25:25 IST" name="createContactWithOrganizationTest" finished-at="2025-08-01T11:25:39 IST" duration-ms="14194" status="PASS">
          <reporter-output>
          </reporter-output>
        </test-method> <!-- createContactWithOrganizationTest -->
        <test-method is-config="true" signature="AM()[pri:0, instance:Contact.CreateContactWithOrganizationTest@46fa7c39]" started-at="2025-08-01T11:25:39 IST" name="AM" finished-at="2025-08-01T11:25:40 IST" duration-ms="1103" status="PASS">
          <reporter-output>
          </reporter-output>
        </test-method> <!-- AM -->
        <test-method is-config="true" signature="AC()[pri:0, instance:Contact.CreateContactWithOrganizationTest@46fa7c39]" started-at="2025-08-01T11:25:40 IST" name="AC" finished-at="2025-08-01T11:25:40 IST" duration-ms="155" status="PASS">
          <reporter-output>
          </reporter-output>
        </test-method> <!-- AC -->
        <test-method is-config="true" signature="AT()[pri:0, instance:Contact.CreateContactWithOrganizationTest@46fa7c39]" started-at="2025-08-01T11:25:54 IST" name="AT" finished-at="2025-08-01T11:25:54 IST" duration-ms="0" status="PASS">
          <reporter-output>
          </reporter-output>
        </test-method> <!-- AT -->
      </class> <!-- Contact.CreateContactWithOrganizationTest -->
      <class name="Contact.CreateContactTest">
        <test-method is-config="true" signature="BC()[pri:0, instance:Contact.CreateContactTest@1fb700ee]" started-at="2025-08-01T11:25:40 IST" name="BC" finished-at="2025-08-01T11:25:41 IST" duration-ms="881" status="PASS">
          <reporter-output>
          </reporter-output>
        </test-method> <!-- BC -->
        <test-method is-config="true" signature="BM()[pri:0, instance:Contact.CreateContactTest@1fb700ee]" started-at="2025-08-01T11:25:41 IST" name="BM" finished-at="2025-08-01T11:25:42 IST" duration-ms="914" status="PASS">
          <reporter-output>
          </reporter-output>
        </test-method> <!-- BM -->
        <test-method signature="createContactTest()[pri:0, instance:Contact.CreateContactTest@1fb700ee]" started-at="2025-08-01T11:25:42 IST" name="createContactTest" finished-at="2025-08-01T11:25:53 IST" duration-ms="10428" status="PASS">
          <reporter-output>
          </reporter-output>
        </test-method> <!-- createContactTest -->
        <test-method is-config="true" signature="AM()[pri:0, instance:Contact.CreateContactTest@1fb700ee]" started-at="2025-08-01T11:25:53 IST" name="AM" finished-at="2025-08-01T11:25:53 IST" duration-ms="947" status="PASS">
          <reporter-output>
          </reporter-output>
        </test-method> <!-- AM -->
        <test-method is-config="true" signature="AC()[pri:0, instance:Contact.CreateContactTest@1fb700ee]" started-at="2025-08-01T11:25:53 IST" name="AC" finished-at="2025-08-01T11:25:54 IST" duration-ms="104" status="PASS">
          <reporter-output>
          </reporter-output>
        </test-method> <!-- AC -->
      </class> <!-- Contact.CreateContactTest -->
    </test> <!-- TestRunner3 -->
    <test started-at="2025-08-01T11:25:19 IST" name="TestRunner1" finished-at="2025-08-01T11:25:55 IST" duration-ms="36632">
      <class name="Campaign.CreateCampaignTest">
        <test-method is-config="true" signature="BC()[pri:0, instance:Campaign.CreateCampaignTest@63070bab]" started-at="2025-08-01T11:25:43 IST" name="BC" finished-at="2025-08-01T11:25:44 IST" duration-ms="883" status="PASS">
          <reporter-output>
          </reporter-output>
        </test-method> <!-- BC -->
        <test-method is-config="true" signature="BM()[pri:0, instance:Campaign.CreateCampaignTest@63070bab]" started-at="2025-08-01T11:25:44 IST" name="BM" finished-at="2025-08-01T11:25:45 IST" duration-ms="956" status="PASS">
          <reporter-output>
          </reporter-output>
        </test-method> <!-- BM -->
        <test-method signature="createCampaignTest()[pri:0, instance:Campaign.CreateCampaignTest@63070bab]" started-at="2025-08-01T11:25:45 IST" name="createCampaignTest" finished-at="2025-08-01T11:25:54 IST" duration-ms="9683" status="PASS">
          <reporter-output>
          </reporter-output>
        </test-method> <!-- createCampaignTest -->
        <test-method is-config="true" signature="AM()[pri:0, instance:Campaign.CreateCampaignTest@63070bab]" started-at="2025-08-01T11:25:54 IST" name="AM" finished-at="2025-08-01T11:25:55 IST" duration-ms="950" status="PASS">
          <reporter-output>
          </reporter-output>
        </test-method> <!-- AM -->
        <test-method is-config="true" signature="AC()[pri:0, instance:Campaign.CreateCampaignTest@63070bab]" started-at="2025-08-01T11:25:55 IST" name="AC" finished-at="2025-08-01T11:25:55 IST" duration-ms="121" status="PASS">
          <reporter-output>
          </reporter-output>
        </test-method> <!-- AC -->
      </class> <!-- Campaign.CreateCampaignTest -->
      <class name="Campaign.CreateCampaignWithProductTest">
        <test-method is-config="true" signature="BT()[pri:0, instance:Campaign.CreateCampaignWithProductTest@77f80c04]" started-at="2025-08-01T11:25:19 IST" name="BT" finished-at="2025-08-01T11:25:19 IST" duration-ms="0" status="PASS">
          <reporter-output>
          </reporter-output>
        </test-method> <!-- BT -->
        <test-method is-config="true" signature="BC()[pri:0, instance:Campaign.CreateCampaignWithProductTest@77f80c04]" started-at="2025-08-01T11:25:19 IST" name="BC" finished-at="2025-08-01T11:25:21 IST" duration-ms="2317" status="PASS">
          <reporter-output>
          </reporter-output>
        </test-method> <!-- BC -->
        <test-method is-config="true" signature="BM()[pri:0, instance:Campaign.CreateCampaignWithProductTest@77f80c04]" started-at="2025-08-01T11:25:21 IST" name="BM" finished-at="2025-08-01T11:25:25 IST" duration-ms="3523" status="PASS">
          <reporter-output>
          </reporter-output>
        </test-method> <!-- BM -->
        <test-method signature="createCampaignTest()[pri:0, instance:Campaign.CreateCampaignWithProductTest@77f80c04]" started-at="2025-08-01T11:25:25 IST" name="createCampaignTest" finished-at="2025-08-01T11:25:42 IST" duration-ms="16652" status="PASS">
          <reporter-output>
          </reporter-output>
        </test-method> <!-- createCampaignTest -->
        <test-method is-config="true" signature="AM()[pri:0, instance:Campaign.CreateCampaignWithProductTest@77f80c04]" started-at="2025-08-01T11:25:42 IST" name="AM" finished-at="2025-08-01T11:25:43 IST" duration-ms="1079" status="PASS">
          <reporter-output>
          </reporter-output>
        </test-method> <!-- AM -->
        <test-method is-config="true" signature="AC()[pri:0, instance:Campaign.CreateCampaignWithProductTest@77f80c04]" started-at="2025-08-01T11:25:43 IST" name="AC" finished-at="2025-08-01T11:25:43 IST" duration-ms="119" status="PASS">
          <reporter-output>
          </reporter-output>
        </test-method> <!-- AC -->
        <test-method is-config="true" signature="AT()[pri:0, instance:Campaign.CreateCampaignWithProductTest@77f80c04]" started-at="2025-08-01T11:25:55 IST" name="AT" finished-at="2025-08-01T11:25:55 IST" duration-ms="1" status="PASS">
          <reporter-output>
          </reporter-output>
        </test-method> <!-- AT -->
      </class> <!-- Campaign.CreateCampaignWithProductTest -->
    </test> <!-- TestRunner1 -->
    <test started-at="2025-08-01T11:25:19 IST" name="TestRunner2" finished-at="2025-08-01T11:25:57 IST" duration-ms="38503">
      <class name="Product.CreateProductAndDeleteProductTest">
        <test-method is-config="true" signature="BT()[pri:0, instance:Product.CreateProductAndDeleteProductTest@55f616cf]" started-at="2025-08-01T11:25:19 IST" name="BT" finished-at="2025-08-01T11:25:19 IST" duration-ms="1" status="PASS">
          <reporter-output>
          </reporter-output>
        </test-method> <!-- BT -->
        <test-method is-config="true" signature="BC()[pri:0, instance:Product.CreateProductAndDeleteProductTest@55f616cf]" started-at="2025-08-01T11:25:19 IST" name="BC" finished-at="2025-08-01T11:25:21 IST" duration-ms="2355" status="PASS">
          <reporter-output>
          </reporter-output>
        </test-method> <!-- BC -->
        <test-method is-config="true" signature="BM()[pri:0, instance:Product.CreateProductAndDeleteProductTest@55f616cf]" started-at="2025-08-01T11:25:21 IST" name="BM" finished-at="2025-08-01T11:25:25 IST" duration-ms="3904" status="PASS">
          <reporter-output>
          </reporter-output>
        </test-method> <!-- BM -->
        <test-method signature="createProductAndDeleteProductTest()[pri:0, instance:Product.CreateProductAndDeleteProductTest@55f616cf]" started-at="2025-08-01T11:25:25 IST" name="createProductAndDeleteProductTest" finished-at="2025-08-01T11:25:44 IST" duration-ms="18785" status="PASS">
          <reporter-output>
          </reporter-output>
        </test-method> <!-- createProductAndDeleteProductTest -->
        <test-method is-config="true" signature="AM()[pri:0, instance:Product.CreateProductAndDeleteProductTest@55f616cf]" started-at="2025-08-01T11:25:44 IST" name="AM" finished-at="2025-08-01T11:25:45 IST" duration-ms="1090" status="PASS">
          <reporter-output>
          </reporter-output>
        </test-method> <!-- AM -->
        <test-method is-config="true" signature="AC()[pri:0, instance:Product.CreateProductAndDeleteProductTest@55f616cf]" started-at="2025-08-01T11:25:45 IST" name="AC" finished-at="2025-08-01T11:25:45 IST" duration-ms="142" status="PASS">
          <reporter-output>
          </reporter-output>
        </test-method> <!-- AC -->
        <test-method is-config="true" signature="AT()[pri:0, instance:Product.CreateProductAndDeleteProductTest@55f616cf]" started-at="2025-08-01T11:25:57 IST" name="AT" finished-at="2025-08-01T11:25:57 IST" duration-ms="0" status="PASS">
          <reporter-output>
          </reporter-output>
        </test-method> <!-- AT -->
      </class> <!-- Product.CreateProductAndDeleteProductTest -->
      <class name="Product.CreateProductTest">
        <test-method is-config="true" signature="BC()[pri:0, instance:Product.CreateProductTest@1356d4d4]" started-at="2025-08-01T11:25:45 IST" name="BC" finished-at="2025-08-01T11:25:46 IST" duration-ms="863" status="PASS">
          <reporter-output>
          </reporter-output>
        </test-method> <!-- BC -->
        <test-method is-config="true" signature="BM()[pri:0, instance:Product.CreateProductTest@1356d4d4]" started-at="2025-08-01T11:25:46 IST" name="BM" finished-at="2025-08-01T11:25:47 IST" duration-ms="1014" status="PASS">
          <reporter-output>
          </reporter-output>
        </test-method> <!-- BM -->
        <test-method signature="createProductTest()[pri:0, instance:Product.CreateProductTest@1356d4d4]" started-at="2025-08-01T11:25:47 IST" name="createProductTest" finished-at="2025-08-01T11:25:56 IST" duration-ms="9034" status="PASS">
          <reporter-output>
          </reporter-output>
        </test-method> <!-- createProductTest -->
        <test-method is-config="true" signature="AM()[pri:0, instance:Product.CreateProductTest@1356d4d4]" started-at="2025-08-01T11:25:56 IST" name="AM" finished-at="2025-08-01T11:25:57 IST" duration-ms="846" status="PASS">
          <reporter-output>
          </reporter-output>
        </test-method> <!-- AM -->
        <test-method is-config="true" signature="AC()[pri:0, instance:Product.CreateProductTest@1356d4d4]" started-at="2025-08-01T11:25:57 IST" name="AC" finished-at="2025-08-01T11:25:57 IST" duration-ms="120" status="PASS">
          <reporter-output>
          </reporter-output>
        </test-method> <!-- AC -->
      </class> <!-- Product.CreateProductTest -->
    </test> <!-- TestRunner2 -->
  </suite> <!-- Suite -->
</testng-results>
