<?xml version="1.0" encoding="UTF-8"?>
<!-- Generated by org.testng.reporters.JUnitXMLReporter -->
<testsuite ignored="4" hostname="LAPTOP-9VAIVGVE" failures="0" tests="2" name="TestRunner1" time="36.632" errors="0" timestamp="2025-08-01T11:25:55 IST">
  <testcase classname="Campaign.CreateCampaignWithProductTest" name="createCampaignTest" time="16.652"/>
  <testcase classname="Campaign.CreateCampaignTest" name="createCampaignTest" time="9.683"/>
  <testcase classname="Generic_Utilities.Base_Class" name="@BeforeTest BT" time="0.0">
    <ignored/>
  </testcase> <!-- @BeforeTest BT -->
  <testcase classname="Generic_Utilities.Base_Class" name="@AfterSuite AS" time="0.0">
    <ignored/>
  </testcase> <!-- @AfterSuite AS -->
  <testcase classname="Generic_Utilities.Base_Class" name="@AfterTest AT" time="0.0">
    <ignored/>
  </testcase> <!-- @AfterTest AT -->
  <testcase classname="Generic_Utilities.Base_Class" name="@BeforeSuite BS" time="0.0">
    <ignored/>
  </testcase> <!-- @BeforeSuite BS -->
</testsuite> <!-- TestRunner1 -->
